[INFO] Scanning for projects...
[INFO]                                                                         
[INFO] ------------------------------------------------------------------------
[INFO] Building my-blog 3.3.0-SNAPSHOT
[INFO] ------------------------------------------------------------------------
[INFO] 
[INFO] --- maven-clean-plugin:2.6.1:clean (default-clean) @ my-blog ---
[INFO] Deleting /root/blog/My-Blog/target
[INFO] 
[INFO] --- maven-resources-plugin:2.6:resources (default-resources) @ my-blog ---
[INFO] Using 'UTF-8' encoding to copy filtered resources.
[INFO] Copying 3 resources
[INFO] Copying 97 resources
[INFO] 
[INFO] --- maven-compiler-plugin:3.1:compile (default-compile) @ my-blog ---
[INFO] Changes detected - recompiling the module!
[INFO] Compiling 92 source files to /root/blog/My-Blog/target/classes
[WARNING] /root/blog/My-Blog/src/main/java/com/my/blog/website/utils/Tools.java:[12,16] sun.misc.BASE64Decoder is internal proprietary API and may be removed in a future release
[WARNING] /root/blog/My-Blog/src/main/java/com/my/blog/website/utils/Tools.java:[13,16] sun.misc.BASE64Encoder is internal proprietary API and may be removed in a future release
[WARNING] /root/blog/My-Blog/src/main/java/com/my/blog/website/utils/Tools.java:[12,16] sun.misc.BASE64Decoder is internal proprietary API and may be removed in a future release
[WARNING] /root/blog/My-Blog/src/main/java/com/my/blog/website/utils/Tools.java:[13,16] sun.misc.BASE64Encoder is internal proprietary API and may be removed in a future release
[WARNING] /root/blog/My-Blog/src/main/java/com/my/blog/website/utils/Tools.java:[12,16] sun.misc.BASE64Decoder is internal proprietary API and may be removed in a future release
[WARNING] /root/blog/My-Blog/src/main/java/com/my/blog/website/utils/Tools.java:[13,16] sun.misc.BASE64Encoder is internal proprietary API and may be removed in a future release
[WARNING] /root/blog/My-Blog/src/main/java/com/my/blog/website/utils/Tools.java:[62,20] sun.misc.BASE64Encoder is internal proprietary API and may be removed in a future release
[WARNING] /root/blog/My-Blog/src/main/java/com/my/blog/website/utils/Tools.java:[69,38] sun.misc.BASE64Decoder is internal proprietary API and may be removed in a future release
[WARNING] /root/blog/My-Blog/src/main/java/com/my/blog/website/utils/DateKit.java: /root/blog/My-Blog/src/main/java/com/my/blog/website/utils/DateKit.java uses or overrides a deprecated API.
[WARNING] /root/blog/My-Blog/src/main/java/com/my/blog/website/utils/DateKit.java: Recompile with -Xlint:deprecation for details.
[WARNING] /root/blog/My-Blog/src/main/java/com/my/blog/website/model/Bo/RestResponseBo.java: Some input files use unchecked or unsafe operations.
[WARNING] /root/blog/My-Blog/src/main/java/com/my/blog/website/model/Bo/RestResponseBo.java: Recompile with -Xlint:unchecked for details.
[INFO] 
[INFO] --- maven-resources-plugin:2.6:testResources (default-testResources) @ my-blog ---
[INFO] Not copying test resources
[INFO] 
[INFO] --- maven-compiler-plugin:3.1:testCompile (default-testCompile) @ my-blog ---
[INFO] Not compiling test sources
[INFO] 
[INFO] --- maven-surefire-plugin:2.18.1:test (default-test) @ my-blog ---
[INFO] Tests are skipped.
[INFO] 
[INFO] --- maven-jar-plugin:2.6:jar (default-jar) @ my-blog ---
[INFO] Building jar: /root/blog/My-Blog/target/my-blog-3.3.0-SNAPSHOT.jar
[INFO] 
[INFO] --- spring-boot-maven-plugin:1.5.1.RELEASE:repackage (default) @ my-blog ---
[INFO] 
[INFO] --- maven-install-plugin:2.5.2:install (default-install) @ my-blog ---
[INFO] Installing /root/blog/My-Blog/target/my-blog-3.3.0-SNAPSHOT.jar to /root/.m2/repository/com/my/blog/website/my-blog/3.3.0-SNAPSHOT/my-blog-3.3.0-SNAPSHOT.jar
[INFO] Installing /root/blog/My-Blog/pom.xml to /root/.m2/repository/com/my/blog/website/my-blog/3.3.0-SNAPSHOT/my-blog-3.3.0-SNAPSHOT.pom
[INFO] ------------------------------------------------------------------------
[INFO] BUILD SUCCESS
[INFO] ------------------------------------------------------------------------
[INFO] Total time: 12.351s
[INFO] Finished at: Wed Apr 10 10:19:24 EDT 2019
[INFO] Final Memory: 29M/81M
[INFO] ------------------------------------------------------------------------
Stopping docker-extension_my-blog_1 ... 
Stopping docker-extension_mysql_1   ... 
[2A[2KStopping docker-extension_my-blog_1 ... [32mdone[0m[2B[1A[2KStopping docker-extension_mysql_1   ... [32mdone[0m[1BRemoving docker-extension_my-blog_1 ... 
Removing docker-extension_mysql_1   ... 
[2A[2KRemoving docker-extension_my-blog_1 ... [32mdone[0m[2B[1A[2KRemoving docker-extension_mysql_1   ... [32mdone[0m[1BGoing to remove docker-extension_my-blog_1, docker-extension_mysql_1
Building mysql
Step 1/7 : FROM mysql:5.7
 ---> 98455b9624a9
Step 2/7 : ENV MYSQL_DATABASE test
 ---> Using cache
 ---> 6fede3298025
Step 3/7 : ENV MYSQL_ALLOW_EMPTY_PASSWORD yes
 ---> Using cache
 ---> e0222ad0d40b
Step 4/7 : COPY setup.sh /mysql/setup.sh
 ---> Using cache
 ---> 66701524581b
Step 5/7 : COPY schema.sql /mysql/schema.sql
 ---> Using cache
 ---> bf7779b4a043
Step 6/7 : COPY privileges.sql /mysql/privileges.sql
 ---> Using cache
 ---> 800f8408a0ff
Step 7/7 : CMD bash /mysql/setup.sh
 ---> Using cache
 ---> 2e4e49920fba
Successfully built 2e4e49920fba
Building my-blog
Step 1/8 : FROM java:8
 ---> d23bdf5b1b1b
Step 2/8 : VOLUME /tmp
 ---> Using cache
 ---> f848c7e1a3b5
Step 3/8 : ADD *.jar app.jar
 ---> 118e364fcc1a
Removing intermediate container be28d05f91d4
Step 4/8 : COPY startup.sh /startup.sh
 ---> 47855a94687d
Removing intermediate container 4d2434b6f3a2
Step 5/8 : ENV TZ Asia/Shanghai
 ---> Running in 413c84f6b480
 ---> 299248e2adc0
Removing intermediate container 413c84f6b480
Step 6/8 : RUN ln -snf /usr/share/zoneinfo/$TZ /etc/localtime && echo $TZ > /etc/timezone
 ---> Running in 038b441423e9

[91m[0m ---> 171ead0546d4
Removing intermediate container 038b441423e9
Step 7/8 : RUN bash -c 'touch /app.jar'
 ---> Running in 717d02f4b4a3

[91m[0m ---> 4e4f87dd3c7a
Removing intermediate container 717d02f4b4a3
Step 8/8 : CMD sh /startup.sh
 ---> Running in b5d4b48c86e4
 ---> 0ea063ee0e03
Removing intermediate container b5d4b48c86e4
Successfully built 0ea063ee0e03
Creating docker-extension_mysql_1 ... 
[1A[2KCreating docker-extension_mysql_1 ... [32mdone[0m[1BCreating docker-extension_my-blog_1 ... 
[1A[2KCreating docker-extension_my-blog_1 ... [32mdone[0m[1BAttaching to docker-extension_my-blog_1, docker-extension_mysql_1
[36mmy-blog_1  |[0m 等待mysql.....
[33mmysql_1    |[0m MySQL Community Server 5.7.25 is not running.
[33mmysql_1    |[0m 1.启动mysql....
[33mmysql_1    |[0m 2019-04-10T14:19:53.149893Z 0 [Warning] TIMESTAMP with implicit DEFAULT value is deprecated. Please use --explicit_defaults_for_timestamp server option (see documentation for more details).
[33mmysql_1    |[0m 2019-04-10T14:19:53.757701Z 0 [Warning] InnoDB: New log files created, LSN=45790
[33mmysql_1    |[0m 2019-04-10T14:19:53.860352Z 0 [Warning] InnoDB: Creating foreign key constraint system tables.
[33mmysql_1    |[0m 2019-04-10T14:19:53.927022Z 0 [Warning] No existing UUID has been found, so we assume that this is the first time that this server has been started. Generating a new UUID: b5c6bc9c-5b9b-11e9-add2-0242ac110002.
[33mmysql_1    |[0m 2019-04-10T14:19:53.930092Z 0 [Warning] Gtid table is not ready to be used. Table 'mysql.gtid_executed' cannot be opened.
[33mmysql_1    |[0m 2019-04-10T14:19:53.931067Z 1 [Warning] root@localhost is created with an empty password ! Please consider switching off the --initialize-insecure option.
[33mmysql_1    |[0m 2019-04-10T14:19:54.888184Z 1 [Warning] 'user' entry 'root@localhost' ignored in --skip-name-resolve mode.
[33mmysql_1    |[0m 2019-04-10T14:19:54.888248Z 1 [Warning] 'user' entry 'mysql.session@localhost' ignored in --skip-name-resolve mode.
[33mmysql_1    |[0m 2019-04-10T14:19:54.888264Z 1 [Warning] 'user' entry 'mysql.sys@localhost' ignored in --skip-name-resolve mode.
[33mmysql_1    |[0m 2019-04-10T14:19:54.888286Z 1 [Warning] 'db' entry 'performance_schema mysql.session@localhost' ignored in --skip-name-resolve mode.
[33mmysql_1    |[0m 2019-04-10T14:19:54.888292Z 1 [Warning] 'db' entry 'sys mysql.sys@localhost' ignored in --skip-name-resolve mode.
[33mmysql_1    |[0m 2019-04-10T14:19:54.888304Z 1 [Warning] 'proxies_priv' entry '@ root@localhost' ignored in --skip-name-resolve mode.
[33mmysql_1    |[0m 2019-04-10T14:19:54.888345Z 1 [Warning] 'tables_priv' entry 'user mysql.session@localhost' ignored in --skip-name-resolve mode.
[33mmysql_1    |[0m 2019-04-10T14:19:54.888364Z 1 [Warning] 'tables_priv' entry 'sys_config mysql.sys@localhost' ignored in --skip-name-resolve mode.
[33mmysql_1    |[0m ..
[33mmysql_1    |[0m MySQL Community Server 5.7.25 is started.
[33mmysql_1    |[0m MySQL Community Server 5.7.25 is running.
[33mmysql_1    |[0m show databases
[33mmysql_1    |[0m Database information_schema mysql performance_schema sys
[33mmysql_1    |[0m tale
[33mmysql_1    |[0m --------mysql容器第一次启动--------
[33mmysql_1    |[0m 2.开始导入数据....
[33mmysql_1    |[0m 3.导入数据完毕....
[33mmysql_1    |[0m MySQL Community Server 5.7.25 is running.
[33mmysql_1    |[0m 4.开始修改密码....
[33mmysql_1    |[0m host	user
[33mmysql_1    |[0m localhost	mysql.session
[33mmysql_1    |[0m localhost	mysql.sys
[33mmysql_1    |[0m localhost	root
[33mmysql_1    |[0m 5.修改密码完毕....
[33mmysql_1    |[0m MySQL Community Server 5.7.25 is running.
[33mmysql_1    |[0m mysql容器启动完毕,且数据导入成功
[36mmy-blog_1  |[0m 开始启动项目.....
[36mmy-blog_1  |[0m                                     bbbbbbbb
[36mmy-blog_1  |[0m   1111111    333333333333333        b::::::b            lllllll
[36mmy-blog_1  |[0m  1::::::1   3:::::::::::::::33      b::::::b            l:::::l
[36mmy-blog_1  |[0m 1:::::::1   3::::::33333::::::3     b::::::b            l:::::l
[36mmy-blog_1  |[0m 111:::::1   3333333     3:::::3      b:::::b            l:::::l
[36mmy-blog_1  |[0m    1::::1               3:::::3      b:::::bbbbbbbbb     l::::l    ooooooooooo      ggggggggg   ggggg
[36mmy-blog_1  |[0m    1::::1               3:::::3      b::::::::::::::bb   l::::l  oo:::::::::::oo   g:::::::::ggg::::g
[36mmy-blog_1  |[0m    1::::1       33333333:::::3       b::::::::::::::::b  l::::l o:::::::::::::::o g:::::::::::::::::g
[36mmy-blog_1  |[0m    1::::l       3:::::::::::3        b:::::bbbbb:::::::b l::::l o:::::ooooo:::::og::::::ggggg::::::gg
[36mmy-blog_1  |[0m    1::::l       33333333:::::3       b:::::b    b::::::b l::::l o::::o     o::::og:::::g     g:::::g
[36mmy-blog_1  |[0m    1::::l               3:::::3      b:::::b     b:::::b l::::l o::::o     o::::og:::::g     g:::::g
[36mmy-blog_1  |[0m    1::::l               3:::::3      b:::::b     b:::::b l::::l o::::o     o::::og:::::g     g:::::g
[36mmy-blog_1  |[0m    1::::l               3:::::3      b:::::b     b:::::b l::::l o::::o     o::::og::::::g    g:::::g
[36mmy-blog_1  |[0m 111::::::1113333333     3:::::3      b:::::bbbbbb::::::bl::::::lo:::::ooooo:::::og:::::::ggggg:::::g
[36mmy-blog_1  |[0m 1::::::::::13::::::33333::::::3      b::::::::::::::::b l::::::lo:::::::::::::::o g::::::::::::::::g
[36mmy-blog_1  |[0m 1::::::::::13:::::::::::::::33       b:::::::::::::::b  l::::::l oo:::::::::::oo   gg::::::::::::::g
[36mmy-blog_1  |[0m 111111111111 333333333333333         bbbbbbbbbbbbbbbb   llllllll   ooooooooooo       gggggggg::::::g
[36mmy-blog_1  |[0m                                                                                              g:::::g
[36mmy-blog_1  |[0m                                                                                  gggggg      g:::::g
[36mmy-blog_1  |[0m                                                                                  g:::::gg   gg:::::g
[36mmy-blog_1  |[0m                                                                                   g::::::ggg:::::::g
[36mmy-blog_1  |[0m                                                                                    gg:::::::::::::g
[36mmy-blog_1  |[0m                                                                                      ggg::::::ggg
[36mmy-blog_1  |[0m                                                                                         gggggg
[36mmy-blog_1  |[0m Application Version: 3.3.0-SNAPSHOT (v3.3.0-SNAPSHOT)
[36mmy-blog_1  |[0m Spring Boot Version: 1.5.1.RELEASE (v1.5.1.RELEASE)
[36mmy-blog_1  |[0m 2019-04-10 22:20:21.354 [main] INFO  com.my.blog.website.CoreApplication - Starting CoreApplication v3.3.0-SNAPSHOT on 30162b38b531 with PID 7 (/app.jar started by root in /)
[36mmy-blog_1  |[0m 2019-04-10 22:20:21.356 [main] DEBUG com.my.blog.website.CoreApplication - Running with Spring Boot v1.5.1.RELEASE, Spring v4.3.6.RELEASE
[36mmy-blog_1  |[0m 2019-04-10 22:20:21.356 [main] INFO  com.my.blog.website.CoreApplication - The following profiles are active: docker
[36mmy-blog_1  |[0m 2019-04-10 22:20:22.409 [background-preinit] DEBUG org.jboss.logging - Logging Provider: org.jboss.logging.Log4j2LoggerProvider
[36mmy-blog_1  |[0m 2019-04-10 22:20:22.410 [background-preinit] INFO  org.hibernate.validator.internal.util.Version - HV000001: Hibernate Validator 5.3.4.Final
[36mmy-blog_1  |[0m 2019-04-10 22:20:22.473 [background-preinit] DEBUG org.hibernate.validator.internal.engine.resolver.DefaultTraversableResolver - Cannot find javax.persistence.Persistence on classpath. Assuming non JPA 2 environment. All properties will per default be traversable.
[36mmy-blog_1  |[0m 2019-04-10 22:20:23.667 [main] DEBUG org.mybatis.spring.mapper.ClassPathMapperScanner - Identified candidate component class: URL [jar:file:/app.jar!/BOOT-INF/classes!/com/my/blog/website/dao/CommentVoMapper.class]
[36mmy-blog_1  |[0m 2019-04-10 22:20:23.670 [main] DEBUG org.mybatis.spring.mapper.ClassPathMapperScanner - Identified candidate component class: URL [jar:file:/app.jar!/BOOT-INF/classes!/com/my/blog/website/dao/UserVoMapper.class]
[36mmy-blog_1  |[0m 2019-04-10 22:20:23.670 [main] DEBUG org.mybatis.spring.mapper.ClassPathMapperScanner - Identified candidate component class: URL [jar:file:/app.jar!/BOOT-INF/classes!/com/my/blog/website/dao/RelationshipVoMapper.class]
[36mmy-blog_1  |[0m 2019-04-10 22:20:23.671 [main] DEBUG org.mybatis.spring.mapper.ClassPathMapperScanner - Identified candidate component class: URL [jar:file:/app.jar!/BOOT-INF/classes!/com/my/blog/website/dao/ContentVoMapper.class]
[36mmy-blog_1  |[0m 2019-04-10 22:20:23.671 [main] DEBUG org.mybatis.spring.mapper.ClassPathMapperScanner - Identified candidate component class: URL [jar:file:/app.jar!/BOOT-INF/classes!/com/my/blog/website/dao/AttachVoMapper.class]
[36mmy-blog_1  |[0m 2019-04-10 22:20:23.675 [main] DEBUG org.mybatis.spring.mapper.ClassPathMapperScanner - Identified candidate component class: URL [jar:file:/app.jar!/BOOT-INF/classes!/com/my/blog/website/dao/MetaVoMapper.class]
[36mmy-blog_1  |[0m 2019-04-10 22:20:23.675 [main] DEBUG org.mybatis.spring.mapper.ClassPathMapperScanner - Identified candidate component class: URL [jar:file:/app.jar!/BOOT-INF/classes!/com/my/blog/website/dao/LogVoMapper.class]
[36mmy-blog_1  |[0m 2019-04-10 22:20:23.675 [main] DEBUG org.mybatis.spring.mapper.ClassPathMapperScanner - Identified candidate component class: URL [jar:file:/app.jar!/BOOT-INF/classes!/com/my/blog/website/dao/OptionVoMapper.class]
[36mmy-blog_1  |[0m 2019-04-10 22:20:23.678 [main] DEBUG org.mybatis.spring.mapper.ClassPathMapperScanner - Creating MapperFactoryBean with name 'commentVoMapper' and 'com.my.blog.website.dao.CommentVoMapper' mapperInterface
[36mmy-blog_1  |[0m 2019-04-10 22:20:23.680 [main] DEBUG org.mybatis.spring.mapper.ClassPathMapperScanner - Enabling autowire by type for MapperFactoryBean with name 'commentVoMapper'.
[36mmy-blog_1  |[0m 2019-04-10 22:20:23.680 [main] DEBUG org.mybatis.spring.mapper.ClassPathMapperScanner - Creating MapperFactoryBean with name 'userVoMapper' and 'com.my.blog.website.dao.UserVoMapper' mapperInterface
[36mmy-blog_1  |[0m 2019-04-10 22:20:23.680 [main] DEBUG org.mybatis.spring.mapper.ClassPathMapperScanner - Enabling autowire by type for MapperFactoryBean with name 'userVoMapper'.
[36mmy-blog_1  |[0m 2019-04-10 22:20:23.680 [main] DEBUG org.mybatis.spring.mapper.ClassPathMapperScanner - Creating MapperFactoryBean with name 'relationshipVoMapper' and 'com.my.blog.website.dao.RelationshipVoMapper' mapperInterface
[36mmy-blog_1  |[0m 2019-04-10 22:20:23.680 [main] DEBUG org.mybatis.spring.mapper.ClassPathMapperScanner - Enabling autowire by type for MapperFactoryBean with name 'relationshipVoMapper'.
[36mmy-blog_1  |[0m 2019-04-10 22:20:23.680 [main] DEBUG org.mybatis.spring.mapper.ClassPathMapperScanner - Creating MapperFactoryBean with name 'contentVoMapper' and 'com.my.blog.website.dao.ContentVoMapper' mapperInterface
[36mmy-blog_1  |[0m 2019-04-10 22:20:23.680 [main] DEBUG org.mybatis.spring.mapper.ClassPathMapperScanner - Enabling autowire by type for MapperFactoryBean with name 'contentVoMapper'.
[36mmy-blog_1  |[0m 2019-04-10 22:20:23.680 [main] DEBUG org.mybatis.spring.mapper.ClassPathMapperScanner - Creating MapperFactoryBean with name 'attachVoMapper' and 'com.my.blog.website.dao.AttachVoMapper' mapperInterface
[36mmy-blog_1  |[0m 2019-04-10 22:20:23.680 [main] DEBUG org.mybatis.spring.mapper.ClassPathMapperScanner - Enabling autowire by type for MapperFactoryBean with name 'attachVoMapper'.
[36mmy-blog_1  |[0m 2019-04-10 22:20:23.680 [main] DEBUG org.mybatis.spring.mapper.ClassPathMapperScanner - Creating MapperFactoryBean with name 'metaVoMapper' and 'com.my.blog.website.dao.MetaVoMapper' mapperInterface
[36mmy-blog_1  |[0m 2019-04-10 22:20:23.680 [main] DEBUG org.mybatis.spring.mapper.ClassPathMapperScanner - Enabling autowire by type for MapperFactoryBean with name 'metaVoMapper'.
[36mmy-blog_1  |[0m 2019-04-10 22:20:23.680 [main] DEBUG org.mybatis.spring.mapper.ClassPathMapperScanner - Creating MapperFactoryBean with name 'logVoMapper' and 'com.my.blog.website.dao.LogVoMapper' mapperInterface
[36mmy-blog_1  |[0m 2019-04-10 22:20:23.681 [main] DEBUG org.mybatis.spring.mapper.ClassPathMapperScanner - Enabling autowire by type for MapperFactoryBean with name 'logVoMapper'.
[36mmy-blog_1  |[0m 2019-04-10 22:20:23.681 [main] DEBUG org.mybatis.spring.mapper.ClassPathMapperScanner - Creating MapperFactoryBean with name 'optionVoMapper' and 'com.my.blog.website.dao.OptionVoMapper' mapperInterface
[36mmy-blog_1  |[0m 2019-04-10 22:20:23.681 [main] DEBUG org.mybatis.spring.mapper.ClassPathMapperScanner - Enabling autowire by type for MapperFactoryBean with name 'optionVoMapper'.
[36mmy-blog_1  |[0m 2019-04-10 22:20:24.529 [main] DEBUG org.hibernate.validator.internal.engine.resolver.DefaultTraversableResolver - Cannot find javax.persistence.Persistence on classpath. Assuming non JPA 2 environment. All properties will per default be traversable.
[36mmy-blog_1  |[0m 2019-04-10 22:20:24.581 [main] DEBUG org.hibernate.validator.internal.engine.resolver.DefaultTraversableResolver - Cannot find javax.persistence.Persistence on classpath. Assuming non JPA 2 environment. All properties will per default be traversable.
[36mmy-blog_1  |[0m 2019-04-10 22:20:24.591 [main] DEBUG org.hibernate.validator.internal.engine.ConfigurationImpl - Setting custom MessageInterpolator of type org.springframework.validation.beanvalidation.LocaleContextMessageInterpolator
[36mmy-blog_1  |[0m 2019-04-10 22:20:24.592 [main] DEBUG org.hibernate.validator.internal.engine.ConfigurationImpl - Setting custom ConstraintValidatorFactory of type org.springframework.validation.beanvalidation.SpringConstraintValidatorFactory
[36mmy-blog_1  |[0m 2019-04-10 22:20:24.595 [main] DEBUG org.hibernate.validator.internal.engine.ConfigurationImpl - Setting custom ParameterNameProvider of type com.sun.proxy.$Proxy59
[36mmy-blog_1  |[0m 2019-04-10 22:20:24.598 [main] DEBUG org.hibernate.validator.internal.xml.ValidationXmlParser - Trying to load META-INF/validation.xml for XML based Validator configuration.
[36mmy-blog_1  |[0m 2019-04-10 22:20:24.599 [main] DEBUG org.hibernate.validator.internal.xml.ResourceLoaderHelper - Trying to load META-INF/validation.xml via user class loader
[36mmy-blog_1  |[0m 2019-04-10 22:20:24.600 [main] DEBUG org.hibernate.validator.internal.xml.ResourceLoaderHelper - Trying to load META-INF/validation.xml via TCCL
[36mmy-blog_1  |[0m 2019-04-10 22:20:24.600 [main] DEBUG org.hibernate.validator.internal.xml.ResourceLoaderHelper - Trying to load META-INF/validation.xml via Hibernate Validator's class loader
[36mmy-blog_1  |[0m 2019-04-10 22:20:24.601 [main] DEBUG org.hibernate.validator.internal.xml.ValidationXmlParser - No META-INF/validation.xml found. Using annotation based configuration only.
[36mmy-blog_1  |[0m 2019-04-10 22:20:25.507 [main] DEBUG org.hibernate.validator.internal.engine.resolver.DefaultTraversableResolver - Cannot find javax.persistence.Persistence on classpath. Assuming non JPA 2 environment. All properties will per default be traversable.
[36mmy-blog_1  |[0m 2019-04-10 22:20:25.510 [main] DEBUG org.hibernate.validator.internal.engine.resolver.DefaultTraversableResolver - Cannot find javax.persistence.Persistence on classpath. Assuming non JPA 2 environment. All properties will per default be traversable.
[36mmy-blog_1  |[0m 2019-04-10 22:20:25.510 [main] DEBUG org.hibernate.validator.internal.engine.ConfigurationImpl - Setting custom MessageInterpolator of type org.springframework.validation.beanvalidation.LocaleContextMessageInterpolator
[36mmy-blog_1  |[0m 2019-04-10 22:20:25.513 [main] DEBUG org.hibernate.validator.internal.engine.ConfigurationImpl - Setting custom ConstraintValidatorFactory of type org.springframework.validation.beanvalidation.SpringConstraintValidatorFactory
[36mmy-blog_1  |[0m 2019-04-10 22:20:25.514 [main] DEBUG org.hibernate.validator.internal.engine.ConfigurationImpl - Setting custom ParameterNameProvider of type com.sun.proxy.$Proxy59
[36mmy-blog_1  |[0m 2019-04-10 22:20:25.514 [main] DEBUG org.hibernate.validator.internal.xml.ValidationXmlParser - Trying to load META-INF/validation.xml for XML based Validator configuration.
[36mmy-blog_1  |[0m 2019-04-10 22:20:25.514 [main] DEBUG org.hibernate.validator.internal.xml.ResourceLoaderHelper - Trying to load META-INF/validation.xml via user class loader
[36mmy-blog_1  |[0m 2019-04-10 22:20:25.514 [main] DEBUG org.hibernate.validator.internal.xml.ResourceLoaderHelper - Trying to load META-INF/validation.xml via TCCL
[36mmy-blog_1  |[0m 2019-04-10 22:20:25.514 [main] DEBUG org.hibernate.validator.internal.xml.ResourceLoaderHelper - Trying to load META-INF/validation.xml via Hibernate Validator's class loader
[36mmy-blog_1  |[0m 2019-04-10 22:20:25.515 [main] DEBUG org.hibernate.validator.internal.xml.ValidationXmlParser - No META-INF/validation.xml found. Using annotation based configuration only.
[36mmy-blog_1  |[0m 2019-04-10 22:20:28.370 [main] INFO  com.alibaba.druid.pool.DruidDataSource - {dataSource-1} inited
[36mmy-blog_1  |[0m 2019-04-10 22:20:28.553 [main] DEBUG org.mybatis.spring.SqlSessionFactoryBean - Property 'configuration' or 'configLocation' not specified, using default MyBatis Configuration
[36mmy-blog_1  |[0m 2019-04-10 22:20:28.985 [main] DEBUG org.mybatis.spring.SqlSessionFactoryBean - Parsed mapper file: 'URL [jar:file:/app.jar!/BOOT-INF/classes!/mapper/ContentVoMapper.xml]'
[36mmy-blog_1  |[0m 2019-04-10 22:20:29.031 [main] DEBUG org.mybatis.spring.SqlSessionFactoryBean - Parsed mapper file: 'URL [jar:file:/app.jar!/BOOT-INF/classes!/mapper/OptionVoMapper.xml]'
[36mmy-blog_1  |[0m 2019-04-10 22:20:29.082 [main] DEBUG org.mybatis.spring.SqlSessionFactoryBean - Parsed mapper file: 'URL [jar:file:/app.jar!/BOOT-INF/classes!/mapper/CommentVoMapper.xml]'
[36mmy-blog_1  |[0m 2019-04-10 22:20:29.110 [main] DEBUG org.mybatis.spring.SqlSessionFactoryBean - Parsed mapper file: 'URL [jar:file:/app.jar!/BOOT-INF/classes!/mapper/RelationshipVoMapper.xml]'
[36mmy-blog_1  |[0m 2019-04-10 22:20:29.149 [main] DEBUG org.mybatis.spring.SqlSessionFactoryBean - Parsed mapper file: 'URL [jar:file:/app.jar!/BOOT-INF/classes!/mapper/UserVoMapper.xml]'
[36mmy-blog_1  |[0m 2019-04-10 22:20:29.192 [main] DEBUG org.mybatis.spring.SqlSessionFactoryBean - Parsed mapper file: 'URL [jar:file:/app.jar!/BOOT-INF/classes!/mapper/MetaVoMapper.xml]'
[36mmy-blog_1  |[0m 2019-04-10 22:20:29.237 [main] DEBUG org.mybatis.spring.SqlSessionFactoryBean - Parsed mapper file: 'URL [jar:file:/app.jar!/BOOT-INF/classes!/mapper/AttachVoMapper.xml]'
[36mmy-blog_1  |[0m 2019-04-10 22:20:29.280 [main] DEBUG org.mybatis.spring.SqlSessionFactoryBean - Parsed mapper file: 'URL [jar:file:/app.jar!/BOOT-INF/classes!/mapper/LogVoMapper.xml]'
[36mmy-blog_1  |[0m 2019-04-10 22:20:30.748 [main] DEBUG org.hibernate.validator.internal.engine.resolver.DefaultTraversableResolver - Cannot find javax.persistence.Persistence on classpath. Assuming non JPA 2 environment. All properties will per default be traversable.
[36mmy-blog_1  |[0m 2019-04-10 22:20:30.749 [main] DEBUG org.hibernate.validator.internal.engine.ConfigurationImpl - Setting custom MessageInterpolator of type org.springframework.validation.beanvalidation.LocaleContextMessageInterpolator
[36mmy-blog_1  |[0m 2019-04-10 22:20:30.749 [main] DEBUG org.hibernate.validator.internal.engine.ConfigurationImpl - Setting custom ConstraintValidatorFactory of type org.springframework.validation.beanvalidation.SpringConstraintValidatorFactory
[36mmy-blog_1  |[0m 2019-04-10 22:20:30.750 [main] DEBUG org.hibernate.validator.internal.engine.ConfigurationImpl - Setting custom ParameterNameProvider of type com.sun.proxy.$Proxy59
[36mmy-blog_1  |[0m 2019-04-10 22:20:30.750 [main] DEBUG org.hibernate.validator.internal.xml.ValidationXmlParser - Trying to load META-INF/validation.xml for XML based Validator configuration.
[36mmy-blog_1  |[0m 2019-04-10 22:20:30.750 [main] DEBUG org.hibernate.validator.internal.xml.ResourceLoaderHelper - Trying to load META-INF/validation.xml via user class loader
[36mmy-blog_1  |[0m 2019-04-10 22:20:30.750 [main] DEBUG org.hibernate.validator.internal.xml.ResourceLoaderHelper - Trying to load META-INF/validation.xml via TCCL
[36mmy-blog_1  |[0m 2019-04-10 22:20:30.761 [main] DEBUG org.hibernate.validator.internal.xml.ResourceLoaderHelper - Trying to load META-INF/validation.xml via Hibernate Validator's class loader
[36mmy-blog_1  |[0m 2019-04-10 22:20:30.761 [main] DEBUG org.hibernate.validator.internal.xml.ValidationXmlParser - No META-INF/validation.xml found. Using annotation based configuration only.
[36mmy-blog_1  |[0m 2019-04-10 22:20:32.834 [main] INFO  com.my.blog.website.CoreApplication - Started CoreApplication in 12.287 seconds (JVM running for 14.206)
Aborting.
